#
# A fatal error has been detected by the Java Runtime Environment:
#
#  Internal Error (javaClasses.cpp:129), pid=2428, tid=4832
#  fatal error: Invalid layout of preloaded class
#
# JRE version: 7.0_25-b17
# Java VM: Java HotSpot(TM) 64-Bit Server VM (23.25-b01 mixed mode windows-amd64 compressed oops)
# Failed to write core dump. Minidumps are not enabled by default on client versions of Windows
#
# If you would like to submit a bug report, please visit:
#   http://bugreport.sun.com/bugreport/crash.jsp
#

---------------  T H R E A D  ---------------

Current thread (0x00000000002cd800):  JavaThread "Unknown thread" [_thread_in_vm, id=4832, stack(0x0000000002370000,0x0000000002470000)]

Stack: [0x0000000002370000,0x0000000002470000]

---------------  P R O C E S S  ---------------

Java Threads: ( => current thread )

Other Threads:

=>0x00000000002cd800 (exited) JavaThread "Unknown thread" [_thread_in_vm, id=4832, stack(0x0000000002370000,0x0000000002470000)]

VM state:not at safepoint (not fully initialized)

VM Mutex/Monitor currently owned by a thread: None

GC Heap History (0 events):
No events

Deoptimization events (0 events):
No events

Internal exceptions (0 events):
No events

Events (10 events):
Event: 0.027 loading class 0x00000000020e4350 done
Event: 0.027 loading class 0x00000000020a2bd0 done
Event: 0.027 loading class 0x00000000020a2ba0
Event: 0.027 loading class 0x0000000002140a10
Event: 0.028 loading class 0x0000000002140a10 done
Event: 0.028 loading class 0x0000000002140a50
Event: 0.028 loading class 0x0000000002140a50 done
Event: 0.028 loading class 0x00000000021426c0
Event: 0.028 loading class 0x00000000021426c0 done
Event: 0.028 loading class 0x00000000020a2ba0 done


Dynamic libraries:
0x000000013f130000 - 0x000000013f163000 	C:\Java\jdk1.7.0_25\jre\bin\javaw.exe
0x0000000076db0000 - 0x0000000076f5c000 	C:\Windows\SYSTEM32\ntdll.dll
0x0000000076c90000 - 0x0000000076daf000 	C:\Windows\system32\kernel32.dll
0x000007fefcca0000 - 0x000007fefcd0c000 	C:\Windows\system32\KERNELBASE.dll
0x000007fefcf50000 - 0x000007fefd02b000 	C:\Windows\system32\ADVAPI32.dll
0x000007fefea70000 - 0x000007fefeb0f000 	C:\Windows\system32\msvcrt.dll
0x000007feff0a0000 - 0x000007feff0bf000 	C:\Windows\SYSTEM32\sechost.dll
0x000007fefd270000 - 0x000007fefd39e000 	C:\Windows\system32\RPCRT4.dll
0x0000000076b90000 - 0x0000000076c8a000 	C:\Windows\system32\USER32.dll
0x000007fefec20000 - 0x000007fefec87000 	C:\Windows\system32\GDI32.dll
0x000007fefec90000 - 0x000007fefec9e000 	C:\Windows\system32\LPK.dll
0x000007fefe980000 - 0x000007fefea4a000 	C:\Windows\system32\USP10.dll
0x000007fefb430000 - 0x000007fefb624000 	C:\Windows\WinSxS\amd64_microsoft.windows.common-controls_6595b64144ccf1df_6.0.7600.16661_none_fa62ad231704eab7\COMCTL32.dll
0x000007fefe900000 - 0x000007fefe971000 	C:\Windows\system32\SHLWAPI.dll
0x000007fefd240000 - 0x000007fefd26e000 	C:\Windows\system32\IMM32.DLL
0x000007fefeb10000 - 0x000007fefec19000 	C:\Windows\system32\MSCTF.dll
0x0000000063e20000 - 0x0000000063ef1000 	C:\Java\jdk1.7.0_25\jre\bin\msvcr100.dll
0x0000000064b30000 - 0x000000006523f000 	C:\Java\jdk1.7.0_25\jre\bin\server\jvm.dll
0x000007fef88a0000 - 0x000007fef88a9000 	C:\Windows\system32\WSOCK32.dll
0x000007fefd520000 - 0x000007fefd56d000 	C:\Windows\system32\WS2_32.dll
0x000007fefef00000 - 0x000007fefef08000 	C:\Windows\system32\NSI.dll
0x000007fefcb90000 - 0x000007fefcbcb000 	C:\Windows\system32\WINMM.dll
0x0000000076f70000 - 0x0000000076f77000 	C:\Windows\system32\PSAPI.DLL
0x0000000073700000 - 0x000000007370f000 	C:\Java\jdk1.7.0_25\jre\bin\verify.dll
0x0000000069fb0000 - 0x0000000069fd8000 	C:\Java\jdk1.7.0_25\jre\bin\java.dll
0x000000006f340000 - 0x000000006f355000 	C:\Java\jdk1.7.0_25\jre\bin\zip.dll

VM Arguments:
jvm_args: -Dfile.encoding=GBK -Xbootclasspath:E:\adt-bundle-windows-x86_64-20140702\sdk\platforms\android-21\android.jar 
java_command: cat.app.net.p2p.test.IceTest
Launcher Type: SUN_STANDARD

Environment Variables:
JAVA_HOME=C:\Java\jdk1.7.0_25
PATH=C:/Java/jdk1.7.0_25/bin/../jre/bin/server;C:/Java/jdk1.7.0_25/bin/../jre/bin;C:/Java/jdk1.7.0_25/bin/../jre/lib/amd64;C:\Ruby21-x64\bin;C:\Java\jdk1.7.0_25\bin;C:\ProgramData\Oracle\Java\javapath;C:\Python33\;C:\Windows Resource Kits\Tools\;C:\Windows\system32;C:\Windows;C:\Windows\System32\Wbem;C:\Windows\System32\WindowsPowerShell\v1.0\;C:\Program Files (x86)\Common Files\Thunder Network\KanKan\Codecs;C:\Program Files (x86)\7-Zip;C:\Java\jdk1.7.0_25\bin;C:\Java\apache-ant-1.9.4\bin;C:\Program Files\MySQL\MySQL Server 5.6\bin;C:\Program Files (x86)\Bitvise Tunnelier;C:\Program Files (x86)\Bitvise SSH Client;C:\Java\axis2-1.6.1\bin;C:\Java\apache-maven-3.1.1\bin;C:\dex2jar-0.0.9.15;C:\Go\bin;C:\Program Files\TortoiseGit\bin;C:\Program Files\TortoiseSVN\bin;C:\Java\gradle-2.2\bin;C:\Program Files\PostgreSQL\9.4\bin;C:\Program Files (x86)\CodeBlocks\MinGW\bin;E:\adt-bundle-windows-x86_64-20140702\sdk\tools;C:\Program Files (x86)\Git\cmd;E:\adt-bundle-windows-x86_64-20140702\eclipse;
USERNAME=SUN
OS=Windows_NT
PROCESSOR_IDENTIFIER=Intel64 Family 6 Model 42 Stepping 7, GenuineIntel



---------------  S Y S T E M  ---------------

OS: Windows 7 , 64 bit Build 7600 

CPU:total 4 (2 cores per cpu, 2 threads per core) family 6 model 42 stepping 7, cmov, cx8, fxsr, mmx, sse, sse2, sse3, ssse3, sse4.1, sse4.2, popcnt, ht, tsc, tscinvbit

Memory: 4k page, physical 6197528k(2829480k free), swap 12393148k(8164580k free)

vm_info: Java HotSpot(TM) 64-Bit Server VM (23.25-b01) for windows-amd64 JRE (1.7.0_25-b17), built on Jun 21 2013 12:58:32 by "java_re" with unknown MS VC++:1600

time: Mon Mar 02 16:23:20 2015
elapsed time: 0 seconds

