#
# A fatal error has been detected by the Java Runtime Environment:
#
#  Internal Error (javaClasses.cpp:126), pid=4936, tid=3844
#  fatal error: Invalid layout of preloaded class
#
# JRE version:  (8.0_25-b18) (build )
# Java VM: Java HotSpot(TM) 64-Bit Server VM (25.25-b02 mixed mode windows-amd64 compressed oops)
# Failed to write core dump. Minidumps are not enabled by default on client versions of Windows
#
# If you would like to submit a bug report, please visit:
#   http://bugreport.sun.com/bugreport/crash.jsp
#

---------------  T H R E A D  ---------------

Current thread (0x000000000223e800):  JavaThread "Unknown thread" [_thread_in_vm, id=3844, stack(0x0000000002280000,0x0000000002380000)]

Stack: [0x0000000002280000,0x0000000002380000]
[error occurred during error reporting (printing stack bounds), id 0xc0000005]

Native frames: (J=compiled Java code, j=interpreted, Vv=VM code, C=native code)
V  [jvm.dll+0x31667a]
V  [jvm.dll+0x267073]
V  [jvm.dll+0x267cb3]
V  [jvm.dll+0x288154]
C  [kernel32.dll+0x99400]
C  [ntdll.dll+0x96258]
C  [ntdll.dll+0x14f58]
C  [ntdll.dll+0x34f4d]
C  [ntdll.dll+0x15b3c]
C  [ntdll.dll+0x4f638]
V  [jvm.dll+0x206881]


---------------  P R O C E S S  ---------------

Java Threads: ( => current thread )

Other Threads:

=>0x000000000223e800 (exited) JavaThread "Unknown thread" [_thread_in_vm, id=3844, stack(0x0000000002280000,0x0000000002380000)]

VM state:not at safepoint (not fully initialized)

VM Mutex/Monitor currently owned by a thread: None

GC Heap History (0 events):
No events

Deoptimization events (0 events):
No events

Internal exceptions (0 events):
No events

Events (10 events):
Event: 0.023 loading class java/lang/CharSequence done
Event: 0.023 loading class java/lang/String done
Event: 0.023 loading class java/lang/Class
Event: 0.024 loading class java/lang/reflect/AnnotatedElement
Event: 0.024 loading class java/lang/reflect/AnnotatedElement done
Event: 0.024 loading class java/lang/reflect/GenericDeclaration
Event: 0.024 loading class java/lang/reflect/GenericDeclaration done
Event: 0.024 loading class java/lang/reflect/Type
Event: 0.024 loading class java/lang/reflect/Type done
Event: 0.024 loading class java/lang/Class done


Dynamic libraries:
0x000000013fc10000 - 0x000000013fc44000 	C:\Program Files\Java\jre1.8.0_25\bin\javaw.exe
0x0000000076dd0000 - 0x0000000076f7c000 	C:\Windows\SYSTEM32\ntdll.dll
0x0000000076cb0000 - 0x0000000076dcf000 	C:\Windows\system32\kernel32.dll
0x000007fefcf00000 - 0x000007fefcf6c000 	C:\Windows\system32\KERNELBASE.dll
0x000007fefef30000 - 0x000007feff00b000 	C:\Windows\system32\ADVAPI32.dll
0x000007fefe6b0000 - 0x000007fefe74f000 	C:\Windows\system32\msvcrt.dll
0x000007fefd050000 - 0x000007fefd06f000 	C:\Windows\SYSTEM32\sechost.dll
0x000007fefea20000 - 0x000007fefeb4e000 	C:\Windows\system32\RPCRT4.dll
0x0000000076bb0000 - 0x0000000076caa000 	C:\Windows\system32\USER32.dll
0x000007fefe750000 - 0x000007fefe7b7000 	C:\Windows\system32\GDI32.dll
0x000007fefd070000 - 0x000007fefd07e000 	C:\Windows\system32\LPK.dll
0x000007feff010000 - 0x000007feff0da000 	C:\Windows\system32\USP10.dll
0x000007fefb5e0000 - 0x000007fefb7d4000 	C:\Windows\WinSxS\amd64_microsoft.windows.common-controls_6595b64144ccf1df_6.0.7600.16661_none_fa62ad231704eab7\COMCTL32.dll
0x000007fefd5f0000 - 0x000007fefd661000 	C:\Windows\system32\SHLWAPI.dll
0x000007fefd080000 - 0x000007fefd0ae000 	C:\Windows\system32\IMM32.DLL
0x000007fefd2c0000 - 0x000007fefd3c9000 	C:\Windows\system32\MSCTF.dll
0x0000000063330000 - 0x0000000063402000 	C:\Program Files\Java\jre1.8.0_25\bin\msvcr100.dll
0x000000006d690000 - 0x000000006deea000 	C:\Program Files\Java\jre1.8.0_25\bin\server\jvm.dll
0x000007fefb5d0000 - 0x000007fefb5d9000 	C:\Windows\system32\WSOCK32.dll
0x000007fefe560000 - 0x000007fefe5ad000 	C:\Windows\system32\WS2_32.dll
0x000007fefd3d0000 - 0x000007fefd3d8000 	C:\Windows\system32\NSI.dll
0x000007fefce50000 - 0x000007fefce8b000 	C:\Windows\system32\WINMM.dll
0x0000000076f90000 - 0x0000000076f97000 	C:\Windows\system32\PSAPI.DLL
0x0000000071920000 - 0x000000007192f000 	C:\Program Files\Java\jre1.8.0_25\bin\verify.dll
0x00000000716e0000 - 0x0000000071708000 	C:\Program Files\Java\jre1.8.0_25\bin\java.dll
0x0000000071900000 - 0x0000000071916000 	C:\Program Files\Java\jre1.8.0_25\bin\zip.dll
0x000007fef6610000 - 0x000007fef6735000 	C:\Windows\system32\dbghelp.dll

VM Arguments:
jvm_args: -Dfile.encoding=GBK -Xbootclasspath:E:\adt-bundle-windows-x86_64-20140702\sdk\platforms\android-21\android.jar 
java_command: cat.app.sensor.net.udp.UDPAgent
java_class_path (initial): C:\Users\SUN\workspace\weixingsun\AllSensors\bin\classes;C:\Users\SUN\workspace\weixingsun\AllSensors\libs\android-support-v4.jar
Launcher Type: SUN_STANDARD

Environment Variables:
JAVA_HOME=C:\Program Files\Java\jdk1.6.0_29
PATH=C:/Program Files/Java/jre1.8.0_25/bin/server;C:/Program Files/Java/jre1.8.0_25/bin;C:/Program Files/Java/jre1.8.0_25/lib/amd64;C:\ProgramData\Oracle\Java\javapath;C:\OracleATS\oxe\app\oracle\product\10.2.0\server\bin;C:\Program Files\RA2HP\;C:\Python33\;C:\Windows Resource Kits\Tools\;C:\Windows\system32;C:\Windows;C:\Windows\System32\Wbem;C:\Windows\System32\WindowsPowerShell\v1.0\;C:\Program Files (x86)\Common Files\Thunder Network\KanKan\Codecs;C:\Program Files (x86)\7-Zip;C:\Program Files\Java\jdk1.6.0_29\bin;C:\Java\apache-ant-1.8.4\bin;C:\Program Files\MySQL\MySQL Server 5.6\bin;C:\Program Files (x86)\Bitvise Tunnelier;C:\Program Files (x86)\Bitvise SSH Client;C:\Java\axis2-1.6.1\bin;C:\Java\apache-maven-3.0.4\bin;D:\ADT-20130808\sdk\platform-tools;C:\dex2jar-0.0.9.15;C:\Go\bin;C:\Program Files\TortoiseGit\bin;C:\Java\jdk1.7.0_25\jre\bin\server;E:\adt-bundle-windows-x86_64-20140702\eclipse;
USERNAME=SUN
OS=Windows_NT
PROCESSOR_IDENTIFIER=Intel64 Family 6 Model 42 Stepping 7, GenuineIntel



---------------  S Y S T E M  ---------------

OS: Windows 7 , 64 bit Build 7600 

CPU:total 4 (2 cores per cpu, 2 threads per core) family 6 model 42 stepping 7, cmov, cx8, fxsr, mmx, sse, sse2, sse3, ssse3, sse4.1, sse4.2, popcnt, aes, clmul, ht, tsc, tscinvbit

Memory: 4k page, physical 6197528k(2983744k free), swap 12393148k(8158444k free)

vm_info: Java HotSpot(TM) 64-Bit Server VM (25.25-b02) for windows-amd64 JRE (1.8.0_25-b18), built on Oct  7 2014 14:25:37 by "java_re" with MS VC++ 10.0 (VS2010)

time: Mon Nov 24 18:12:10 2014
elapsed time: 0 seconds (0d 0h 0m 0s)

